0 verbose cli /usr/local/bin/node /usr/local/bin/npm
1 info using npm@11.6.0
2 info using node@v24.8.0
3 silly config load:file:/usr/local/lib/node_modules/npm/npmrc
4 silly config load:file:/task-manager/.npmrc
5 silly config load:file:/root/.npmrc
6 silly config load:file:/usr/local/etc/npmrc
7 verbose title npm create vite@latest my-app --template react-ts
8 verbose argv "create" "vite@latest" "my-app" "--" "--template" "react-ts"
9 verbose logfile logs-max:10 dir:/root/.npm/_logs/2025-09-26T00_21_17_506Z-
10 verbose logfile /root/.npm/_logs/2025-09-26T00_21_17_506Z-debug-0.log
11 silly logfile done cleaning log files
12 silly packumentCache heap:1097596928 maxSize:274399232 maxEntrySize:137199616
13 http fetch GET 200 https://registry.npmjs.org/create-vite 108ms (cache revalidated)
14 silly packumentCache heap:1097596928 maxSize:274399232 maxEntrySize:137199616
15 verbose cwd /task-manager
16 verbose os Linux 6.1.147-172.266.amzn2023.x86_64
17 verbose node v24.8.0
18 verbose npm  v11.6.0
19 verbose exit 0
20 info ok
