0 verbose cli /usr/local/bin/node /usr/local/bin/npm
1 info using npm@11.6.0
2 info using node@v24.8.0
3 silly config load:file:/usr/local/lib/node_modules/npm/npmrc
4 silly config load:file:/task-manager/.npmrc
5 silly config load:file:/root/.npmrc
6 silly config load:file:/usr/local/etc/npmrc
7 verbose title npm init
8 verbose argv "init"
9 verbose logfile logs-max:10 dir:/root/.npm/_logs/2025-09-26T00_27_13_714Z-
10 verbose logfile /root/.npm/_logs/2025-09-26T00_27_13_714Z-debug-0.log
11 silly logfile done cleaning log files
12 silly package data {
12 silly package data   name: 'vite',
12 silly package data   version: '1.0.0',
12 silly package data   description: 'vite to develop react',
12 silly package data   main: 'index.js',
12 silly package data   scripts: { test: 'echo "Error: no test specified" && exit 1' },
12 silly package data   author: '',
12 silly package data   license: 'ISC',
12 silly package data   type: 'commonjs'
12 silly package data }
13 verbose cwd /task-manager
14 verbose os Linux 6.1.147-172.266.amzn2023.x86_64
15 verbose node v24.8.0
16 verbose npm  v11.6.0
17 verbose exit 0
18 info ok
